<?xml version="1.0" encoding="UTF-8" ?>
<testsuite tests="43" failures="2" name="CucumberTest" time="0.066" errors="0" skipped="0">
  <properties>
[...]
</properties>
  <testcase classname="Weinberg - Myers Triangle" name="Irregular Triangle" time="0.012"/>
  <testcase classname="Weinberg - Myers Triangle" name="Irregular Triangle" time="0.001"/>
  <testcase classname="Weinberg - Myers Triangle" name="Irregular Triangle" time="0.001"/>
  <testcase classname="Weinberg - Myers Triangle" name="Irregular Triangle" time="0"/>
  <testcase classname="Weinberg - Myers Triangle" name="Isosceles Triangle" time="0.002"/>
  <testcase classname="Weinberg - Myers Triangle" name="Isosceles Triangle" time="0.001"/>
  <testcase classname="Weinberg - Myers Triangle" name="Isosceles Triangle" time="0.001"/>
  <testcase classname="Weinberg - Myers Triangle" name="Isosceles Triangle" time="0.005"/>
  <testcase classname="Weinberg - Myers Triangle" name="Isosceles Triangle" time="0"/>
  <testcase classname="Weinberg - Myers Triangle" name="Isosceles Triangle" time="0.001"/>
  <testcase classname="Weinberg - Myers Triangle" name="Isosceles Triangle" time="0.003"/>
  <testcase classname="Weinberg - Myers Triangle" name="Isosceles Triangle" time="0.003"/>
  <testcase classname="Weinberg - Myers Triangle" name="Rejected Triangle" time="0.001"/>
  <testcase classname="Weinberg - Myers Triangle" name="Rejected Triangle" time="0.001"/>
  <testcase classname="Weinberg - Myers Triangle" name="Rejected Triangle" time="0.005"/>
  <testcase classname="Weinberg - Myers Triangle" name="Rejected Triangle" time="0"/>
  <testcase classname="Weinberg - Myers Triangle" name="Non-existent Triangle" time="0.001"/>
  <testcase classname="Weinberg - Myers Triangle" name="Non-existent Triangle" time="0.001"/>
  <testcase classname="Weinberg - Myers Triangle" name="Non-existent Triangle" time="0"/>
  <testcase classname="Weinberg - Myers Triangle" name="Non-existent Triangle" time="0"/>
  <testcase classname="Weinberg - Myers Triangle" name="Invalid Format" time="0"/>
  <testcase classname="Weinberg - Myers Triangle" name="Invalid Format" time="0.001"/>
  <testcase classname="Weinberg - Myers Triangle" name="Invalid Format" time="0.002"/>
  <testcase classname="Weinberg - Myers Triangle" name="Invalid Format" time="0"/>
  <testcase classname="Weinberg - Myers Triangle" name="Invalid Format" time="0"/>
  <testcase classname="Weinberg - Myers Triangle" name="Invalid Format" time="0.012">
    <failure message="expected:&lt;[Invalid format, please enter lengths with format (a,b,c) or (a, b, c)]&gt; but was:&lt;[This triangle is isosceles: It has 2 equals sides.]&gt;" type="org.junit.ComparisonFailure">org.junit.ComparisonFailure: expected:&lt;[Invalid format, please enter lengths with format (a,b,c) or (a, b, c)]&gt; but was:&lt;[This triangle is isosceles: It has 2 equals sides.]&gt;
	at org.junit.Assert.assertEquals(Assert.java:115)
	at org.junit.Assert.assertEquals(Assert.java:144)
	at CucumberSteps.lambda$new$2(CucumberSteps.java:39)
	at ✽.I should be told &quot;Invalid format, please enter lengths with format (a,b,c) or (a, b, c)&quot;(file:src/test/resources/features/triangle.feature:89)
</failure>
  </testcase>
  <testcase classname="Weinberg - Myers Triangle" name="Invalid Format" time="0"/>
  <testcase classname="Weinberg - Myers Triangle" name="Invalid Format" time="0.001"/>
  <testcase classname="Weinberg - Myers Triangle" name="Invalid Format" time="0"/>
  <testcase classname="Weinberg - Myers Triangle" name="Invalid Format" time="0.001"/>
  <testcase classname="Weinberg - Myers Triangle" name="Invalid Format" time="0.002">
    <failure message="expected:&lt;[Invalid format, please enter lengths with format (a,b,c) or (a, b, c)]&gt; but was:&lt;[This triangle is isosceles: It has 2 equals sides.]&gt;" type="org.junit.ComparisonFailure">org.junit.ComparisonFailure: expected:&lt;[Invalid format, please enter lengths with format (a,b,c) or (a, b, c)]&gt; but was:&lt;[This triangle is isosceles: It has 2 equals sides.]&gt;
	at org.junit.Assert.assertEquals(Assert.java:115)
	at org.junit.Assert.assertEquals(Assert.java:144)
	at CucumberSteps.lambda$new$2(CucumberSteps.java:39)
	at ✽.I should be told &quot;Invalid format, please enter lengths with format (a,b,c) or (a, b, c)&quot;(file:src/test/resources/features/triangle.feature:89)
</failure>
  </testcase>
  <testcase classname="Weinberg - Myers Triangle" name="Invalid Format" time="0"/>
  <testcase classname="Weinberg - Myers Triangle" name="Invalid Format" time="0"/>
  <testcase classname="Weinberg - Myers Triangle" name="Invalid Format" time="0.001"/>
  <testcase classname="Weinberg - Myers Triangle" name="Invalid Format" time="0.001"/>
  <testcase classname="Weinberg - Myers Triangle" name="Invalid Format" time="0.002"/>
  <testcase classname="Weinberg - Myers Triangle" name="More or less than three lengths" time="0.001"/>
  <testcase classname="Weinberg - Myers Triangle" name="More or less than three lengths" time="0.001"/>
  <testcase classname="Weinberg - Myers Triangle" name="More or less than three lengths" time="0.001"/>
  <testcase classname="Weinberg - Myers Triangle" name="More or less than three lengths" time="0"/>
  <testcase classname="Weinberg - Myers Triangle" name="More or less than three lengths" time="0"/>
  <testcase classname="Weinberg - Myers Triangle" name="More or less than three lengths" time="0"/>
  <testcase classname="Weinberg - Myers Triangle" name="More or less than three lengths" time="0.001"/>
</testsuite>